2014-01-28 00:49:19 Error: [MissingControllerException] Controller class PhpmyadminController could not be found.
Exception Attributes: array (
  'class' => 'PhpmyadminController',
  'plugin' => NULL,
)
Request URL: /phpmyadmin/setup/index.php
Stack Trace:
#0 /Library/WebServer/Documents/cake/app/webroot/index.php(108): Dispatcher->dispatch(Object(CakeRequest), Object(CakeResponse))
#1 {main}
2014-01-28 00:49:28 Error: [MissingControllerException] Controller class PhpmyadminController could not be found.
Exception Attributes: array (
  'class' => 'PhpmyadminController',
  'plugin' => NULL,
)
Request URL: /phpmyadmin/setup/index.php
Stack Trace:
#0 /Library/WebServer/Documents/cake/app/webroot/index.php(108): Dispatcher->dispatch(Object(CakeRequest), Object(CakeResponse))
#1 {main}
2014-01-28 00:49:30 Error: [MissingControllerException] Controller class PhpmyadminController could not be found.
Exception Attributes: array (
  'class' => 'PhpmyadminController',
  'plugin' => NULL,
)
Request URL: /phpmyadmin/setup/
Stack Trace:
#0 /Library/WebServer/Documents/cake/app/webroot/index.php(108): Dispatcher->dispatch(Object(CakeRequest), Object(CakeResponse))
#1 {main}
2014-01-28 00:49:31 Error: [MissingControllerException] Controller class PhpmyadminController could not be found.
Exception Attributes: array (
  'class' => 'PhpmyadminController',
  'plugin' => NULL,
)
Request URL: /phpmyadmin/setup/
Stack Trace:
#0 /Library/WebServer/Documents/cake/app/webroot/index.php(108): Dispatcher->dispatch(Object(CakeRequest), Object(CakeResponse))
#1 {main}
2014-01-28 00:51:01 Error: [MissingControllerException] Controller class PhpmyadminController could not be found.
Exception Attributes: array (
  'class' => 'PhpmyadminController',
  'plugin' => NULL,
)
Request URL: /phpmyadmin/setup/
Stack Trace:
#0 /Library/WebServer/Documents/cake/app/webroot/index.php(108): Dispatcher->dispatch(Object(CakeRequest), Object(CakeResponse))
#1 {main}
2014-01-28 00:51:01 Error: [MissingControllerException] Controller class PhpmyadminController could not be found.
Exception Attributes: array (
  'class' => 'PhpmyadminController',
  'plugin' => NULL,
)
Request URL: /phpmyadmin/setup/
Stack Trace:
#0 /Library/WebServer/Documents/cake/app/webroot/index.php(108): Dispatcher->dispatch(Object(CakeRequest), Object(CakeResponse))
#1 {main}
2014-01-28 00:51:02 Error: [MissingControllerException] Controller class PhpmyadminController could not be found.
Exception Attributes: array (
  'class' => 'PhpmyadminController',
  'plugin' => NULL,
)
Request URL: /phpmyadmin/setup/index.php
Stack Trace:
#0 /Library/WebServer/Documents/cake/app/webroot/index.php(108): Dispatcher->dispatch(Object(CakeRequest), Object(CakeResponse))
#1 {main}
2014-01-28 00:51:02 Error: [MissingControllerException] Controller class PhpmyadminController could not be found.
Exception Attributes: array (
  'class' => 'PhpmyadminController',
  'plugin' => NULL,
)
Request URL: /phpmyadmin/setup/index.php
Stack Trace:
#0 /Library/WebServer/Documents/cake/app/webroot/index.php(108): Dispatcher->dispatch(Object(CakeRequest), Object(CakeResponse))
#1 {main}
2014-01-28 00:57:19 Error: [MissingControllerException] Controller class PhpmyadminController could not be found.
Exception Attributes: array (
  'class' => 'PhpmyadminController',
  'plugin' => NULL,
)
Request URL: /phpmyadmin/setup/index.php
Stack Trace:
#0 /Library/WebServer/Documents/cake/app/webroot/index.php(108): Dispatcher->dispatch(Object(CakeRequest), Object(CakeResponse))
#1 {main}
2014-01-28 00:57:39 Error: [MissingControllerException] Controller class PhpmyadminController could not be found.
Exception Attributes: array (
  'class' => 'PhpmyadminController',
  'plugin' => NULL,
)
Request URL: /phpmyadmin/setup/index.php
Stack Trace:
#0 /Library/WebServer/Documents/cake/app/webroot/index.php(108): Dispatcher->dispatch(Object(CakeRequest), Object(CakeResponse))
#1 {main}
2014-01-28 00:57:40 Error: [MissingControllerException] Controller class PhpmyadminController could not be found.
Exception Attributes: array (
  'class' => 'PhpmyadminController',
  'plugin' => NULL,
)
Request URL: /phpmyadmin/setup/index.php
Stack Trace:
#0 /Library/WebServer/Documents/cake/app/webroot/index.php(108): Dispatcher->dispatch(Object(CakeRequest), Object(CakeResponse))
#1 {main}
2014-01-28 00:57:40 Error: [MissingControllerException] Controller class PhpmyadminController could not be found.
Exception Attributes: array (
  'class' => 'PhpmyadminController',
  'plugin' => NULL,
)
Request URL: /phpmyadmin/setup/index.php
Stack Trace:
#0 /Library/WebServer/Documents/cake/app/webroot/index.php(108): Dispatcher->dispatch(Object(CakeRequest), Object(CakeResponse))
#1 {main}
2014-01-28 00:57:40 Error: [MissingControllerException] Controller class PhpmyadminController could not be found.
Exception Attributes: array (
  'class' => 'PhpmyadminController',
  'plugin' => NULL,
)
Request URL: /phpmyadmin/setup/index.php
Stack Trace:
#0 /Library/WebServer/Documents/cake/app/webroot/index.php(108): Dispatcher->dispatch(Object(CakeRequest), Object(CakeResponse))
#1 {main}
2014-01-28 00:57:40 Error: [MissingControllerException] Controller class PhpmyadminController could not be found.
Exception Attributes: array (
  'class' => 'PhpmyadminController',
  'plugin' => NULL,
)
Request URL: /phpmyadmin/setup/index.php
Stack Trace:
#0 /Library/WebServer/Documents/cake/app/webroot/index.php(108): Dispatcher->dispatch(Object(CakeRequest), Object(CakeResponse))
#1 {main}
